{
  "uid" : "e11af4f11c8519a7",
  "name" : "test_02_login[测试网址：http://www.tl6.cc/2306/23060100016]",
  "fullName" : "test_case.test_qr_code.Test_QR_login#test_02_login",
  "historyId" : "5259f2e05bbf7ac68608be380247c462",
  "time" : {
    "start" : 1658821969163,
    "stop" : 1658821975458,
    "duration" : 6295
  },
  "status" : "broken",
  "statusMessage" : "selenium.common.exceptions.NoSuchElementException: Message: no such element: Unable to locate element: {\"method\":\"css selector\",\"selector\":\"[id=\"ulData\"]\"}\n  (Session info: headless chrome=103.0.5060.66)\nStacktrace:\nBacktrace:\n\tOrdinal0 [0x00516463+2188387]\n\tOrdinal0 [0x004AE461+1762401]\n\tOrdinal0 [0x003C3D78+802168]\n\tOrdinal0 [0x003F1880+989312]\n\tOrdinal0 [0x003F1B1B+989979]\n\tOrdinal0 [0x0041E912+1173778]\n\tOrdinal0 [0x0040C824+1099812]\n\tOrdinal0 [0x0041CC22+1166370]\n\tOrdinal0 [0x0040C5F6+1099254]\n\tOrdinal0 [0x003E6BE0+945120]\n\tOrdinal0 [0x003E7AD6+948950]\n\tGetHandleVerifier [0x007B71F2+2712546]\n\tGetHandleVerifier [0x007A886D+2652765]\n\tGetHandleVerifier [0x005A002A+520730]\n\tGetHandleVerifier [0x0059EE06+516086]\n\tOrdinal0 [0x004B468B+1787531]\n\tOrdinal0 [0x004B8E88+1805960]\n\tOrdinal0 [0x004B8F75+1806197]\n\tOrdinal0 [0x004C1DF1+1842673]\n\tBaseThreadInitThunk [0x75A76739+25]\n\tRtlGetFullPathName_UEx [0x77D28FEF+1215]\n\tRtlGetFullPathName_UEx [0x77D28FBD+1165]",
  "statusTrace" : "self = <test_case.test_qr_code.Test_QR_login object at 0x000002553A9D5580>\nargs = {'data': [{'url': 'http://www.tl6.cc/2306/23060100016'}, {'barcode': '23060100016'}, {'confirm': 'ulData'}], 'title': '测试网址：http://www.tl6.cc/2306/23060100016'}\nchrome_options = <selenium.webdriver.chrome.webdriver.WebDriver (session=\"3c18867eb1728c8cadcae4d1b684e5af\")>\n\n    @pytest.mark.flaky(reruns=3, reruns_delay=1)\n    # 调用普通登录方法 只看页面显示内容是否正常\n    @pytest.mark.parametrize(\"args\", yamlUtil(route+r\"\\data\\bar_new_code1.yaml\").read_yaml())\n    def test_02_login(self, args, chrome_options):\n        self.driver = chrome_options\n        lp = QrPage(self.driver)\n>       lp.login(args[\"data\"][0]['url'], args[\"data\"][1]['barcode'], args[\"data\"][2]['confirm'])\n\ntest_case\\test_qr_code.py:47: \n_ _ _ _ _ _ _ _ _ _ _ _ _ _ _ _ _ _ _ _ _ _ _ _ _ _ _ _ _ _ _ _ _ _ _ _ _ _ _ _\npage_object\\qr_code_page.py:30: in login\n    FieldContent = self.driver.find_element('id', confirm).text\nD:\\python\\lib\\site-packages\\selenium\\webdriver\\remote\\webdriver.py:1251: in find_element\n    return self.execute(Command.FIND_ELEMENT, {\nD:\\python\\lib\\site-packages\\selenium\\webdriver\\remote\\webdriver.py:430: in execute\n    self.error_handler.check_response(response)\n_ _ _ _ _ _ _ _ _ _ _ _ _ _ _ _ _ _ _ _ _ _ _ _ _ _ _ _ _ _ _ _ _ _ _ _ _ _ _ _\n\nself = <selenium.webdriver.remote.errorhandler.ErrorHandler object at 0x000002553A9F5CD0>\nresponse = {'status': 404, 'value': '{\"value\":{\"error\":\"no such element\",\"message\":\"no such element: Unable to locate element: {\\...unk [0x75A76739+25]\\\\n\\\\tRtlGetFullPathName_UEx [0x77D28FEF+1215]\\\\n\\\\tRtlGetFullPathName_UEx [0x77D28FBD+1165]\\\\n\"}}'}\n\n    def check_response(self, response: Dict[str, Any]) -> None:\n        \"\"\"\n        Checks that a JSON response from the WebDriver does not have an error.\n    \n        :Args:\n         - response - The JSON response from the WebDriver server as a dictionary\n           object.\n    \n        :Raises: If the response contains an error message.\n        \"\"\"\n        status = response.get('status', None)\n        if not status or status == ErrorCode.SUCCESS:\n            return\n        value = None\n        message = response.get(\"message\", \"\")\n        screen: str = response.get(\"screen\", \"\")\n        stacktrace = None\n        if isinstance(status, int):\n            value_json = response.get('value', None)\n            if value_json and isinstance(value_json, str):\n                import json\n                try:\n                    value = json.loads(value_json)\n                    if len(value.keys()) == 1:\n                        value = value['value']\n                    status = value.get('error', None)\n                    if not status:\n                        status = value.get(\"status\", ErrorCode.UNKNOWN_ERROR)\n                        message = value.get(\"value\") or value.get(\"message\")\n                        if not isinstance(message, str):\n                            value = message\n                            message = message.get('message')\n                    else:\n                        message = value.get('message', None)\n                except ValueError:\n                    pass\n    \n        exception_class: Type[WebDriverException]\n        if status in ErrorCode.NO_SUCH_ELEMENT:\n            exception_class = NoSuchElementException\n        elif status in ErrorCode.NO_SUCH_FRAME:\n            exception_class = NoSuchFrameException\n        elif status in ErrorCode.NO_SUCH_SHADOW_ROOT:\n            exception_class = NoSuchShadowRootException\n        elif status in ErrorCode.NO_SUCH_WINDOW:\n            exception_class = NoSuchWindowException\n        elif status in ErrorCode.STALE_ELEMENT_REFERENCE:\n            exception_class = StaleElementReferenceException\n        elif status in ErrorCode.ELEMENT_NOT_VISIBLE:\n            exception_class = ElementNotVisibleException\n        elif status in ErrorCode.INVALID_ELEMENT_STATE:\n            exception_class = InvalidElementStateException\n        elif status in ErrorCode.INVALID_SELECTOR \\\n                or status in ErrorCode.INVALID_XPATH_SELECTOR \\\n                or status in ErrorCode.INVALID_XPATH_SELECTOR_RETURN_TYPER:\n            exception_class = InvalidSelectorException\n        elif status in ErrorCode.ELEMENT_IS_NOT_SELECTABLE:\n            exception_class = ElementNotSelectableException\n        elif status in ErrorCode.ELEMENT_NOT_INTERACTABLE:\n            exception_class = ElementNotInteractableException\n        elif status in ErrorCode.INVALID_COOKIE_DOMAIN:\n            exception_class = InvalidCookieDomainException\n        elif status in ErrorCode.UNABLE_TO_SET_COOKIE:\n            exception_class = UnableToSetCookieException\n        elif status in ErrorCode.TIMEOUT:\n            exception_class = TimeoutException\n        elif status in ErrorCode.SCRIPT_TIMEOUT:\n            exception_class = TimeoutException\n        elif status in ErrorCode.UNKNOWN_ERROR:\n            exception_class = WebDriverException\n        elif status in ErrorCode.UNEXPECTED_ALERT_OPEN:\n            exception_class = UnexpectedAlertPresentException\n        elif status in ErrorCode.NO_ALERT_OPEN:\n            exception_class = NoAlertPresentException\n        elif status in ErrorCode.IME_NOT_AVAILABLE:\n            exception_class = ImeNotAvailableException\n        elif status in ErrorCode.IME_ENGINE_ACTIVATION_FAILED:\n            exception_class = ImeActivationFailedException\n        elif status in ErrorCode.MOVE_TARGET_OUT_OF_BOUNDS:\n            exception_class = MoveTargetOutOfBoundsException\n        elif status in ErrorCode.JAVASCRIPT_ERROR:\n            exception_class = JavascriptException\n        elif status in ErrorCode.SESSION_NOT_CREATED:\n            exception_class = SessionNotCreatedException\n        elif status in ErrorCode.INVALID_ARGUMENT:\n            exception_class = InvalidArgumentException\n        elif status in ErrorCode.NO_SUCH_COOKIE:\n            exception_class = NoSuchCookieException\n        elif status in ErrorCode.UNABLE_TO_CAPTURE_SCREEN:\n            exception_class = ScreenshotException\n        elif status in ErrorCode.ELEMENT_CLICK_INTERCEPTED:\n            exception_class = ElementClickInterceptedException\n        elif status in ErrorCode.INSECURE_CERTIFICATE:\n            exception_class = InsecureCertificateException\n        elif status in ErrorCode.INVALID_COORDINATES:\n            exception_class = InvalidCoordinatesException\n        elif status in ErrorCode.INVALID_SESSION_ID:\n            exception_class = InvalidSessionIdException\n        elif status in ErrorCode.UNKNOWN_METHOD:\n            exception_class = UnknownMethodException\n        else:\n            exception_class = WebDriverException\n        if not value:\n            value = response['value']\n        if isinstance(value, str):\n            raise exception_class(value)\n        if message == \"\" and 'message' in value:\n            message = value['message']\n    \n        screen = None  # type: ignore[assignment]\n        if 'screen' in value:\n            screen = value['screen']\n    \n        stacktrace = None\n        st_value = value.get('stackTrace') or value.get('stacktrace')\n        if st_value:\n            if isinstance(st_value, str):\n                stacktrace = st_value.split('\\n')\n            else:\n                stacktrace = []\n                try:\n                    for frame in st_value:\n                        line = self._value_or_default(frame, 'lineNumber', '')\n                        file = self._value_or_default(frame, 'fileName', '<anonymous>')\n                        if line:\n                            file = \"%s:%s\" % (file, line)\n                        meth = self._value_or_default(frame, 'methodName', '<anonymous>')\n                        if 'className' in frame:\n                            meth = \"%s.%s\" % (frame['className'], meth)\n                        msg = \"    at %s (%s)\"\n                        msg = msg % (meth, file)\n                        stacktrace.append(msg)\n                except TypeError:\n                    pass\n        if exception_class == UnexpectedAlertPresentException:\n            alert_text = None\n            if 'data' in value:\n                alert_text = value['data'].get('text')\n            elif 'alert' in value:\n                alert_text = value['alert'].get('text')\n            raise exception_class(message, screen, stacktrace, alert_text)  # type: ignore[call-arg]  # mypy is not smart enough here\n>       raise exception_class(message, screen, stacktrace)\nE       selenium.common.exceptions.NoSuchElementException: Message: no such element: Unable to locate element: {\"method\":\"css selector\",\"selector\":\"[id=\"ulData\"]\"}\nE         (Session info: headless chrome=103.0.5060.66)\nE       Stacktrace:\nE       Backtrace:\nE       \tOrdinal0 [0x00516463+2188387]\nE       \tOrdinal0 [0x004AE461+1762401]\nE       \tOrdinal0 [0x003C3D78+802168]\nE       \tOrdinal0 [0x003F1880+989312]\nE       \tOrdinal0 [0x003F1B1B+989979]\nE       \tOrdinal0 [0x0041E912+1173778]\nE       \tOrdinal0 [0x0040C824+1099812]\nE       \tOrdinal0 [0x0041CC22+1166370]\nE       \tOrdinal0 [0x0040C5F6+1099254]\nE       \tOrdinal0 [0x003E6BE0+945120]\nE       \tOrdinal0 [0x003E7AD6+948950]\nE       \tGetHandleVerifier [0x007B71F2+2712546]\nE       \tGetHandleVerifier [0x007A886D+2652765]\nE       \tGetHandleVerifier [0x005A002A+520730]\nE       \tGetHandleVerifier [0x0059EE06+516086]\nE       \tOrdinal0 [0x004B468B+1787531]\nE       \tOrdinal0 [0x004B8E88+1805960]\nE       \tOrdinal0 [0x004B8F75+1806197]\nE       \tOrdinal0 [0x004C1DF1+1842673]\nE       \tBaseThreadInitThunk [0x75A76739+25]\nE       \tRtlGetFullPathName_UEx [0x77D28FEF+1215]\nE       \tRtlGetFullPathName_UEx [0x77D28FBD+1165]\n\nD:\\python\\lib\\site-packages\\selenium\\webdriver\\remote\\errorhandler.py:247: NoSuchElementException",
  "flaky" : false,
  "newFailed" : false,
  "beforeStages" : [ {
    "name" : "chrome_options",
    "time" : {
      "start" : 1658821941074,
      "stop" : 1658821942076,
      "duration" : 1002
    },
    "status" : "passed",
    "steps" : [ ],
    "attachments" : [ ],
    "parameters" : [ ],
    "hasContent" : false,
    "stepsCount" : 0,
    "attachmentsCount" : 0,
    "shouldDisplayMessage" : false
  } ],
  "testStage" : {
    "status" : "broken",
    "statusMessage" : "selenium.common.exceptions.NoSuchElementException: Message: no such element: Unable to locate element: {\"method\":\"css selector\",\"selector\":\"[id=\"ulData\"]\"}\n  (Session info: headless chrome=103.0.5060.66)\nStacktrace:\nBacktrace:\n\tOrdinal0 [0x00516463+2188387]\n\tOrdinal0 [0x004AE461+1762401]\n\tOrdinal0 [0x003C3D78+802168]\n\tOrdinal0 [0x003F1880+989312]\n\tOrdinal0 [0x003F1B1B+989979]\n\tOrdinal0 [0x0041E912+1173778]\n\tOrdinal0 [0x0040C824+1099812]\n\tOrdinal0 [0x0041CC22+1166370]\n\tOrdinal0 [0x0040C5F6+1099254]\n\tOrdinal0 [0x003E6BE0+945120]\n\tOrdinal0 [0x003E7AD6+948950]\n\tGetHandleVerifier [0x007B71F2+2712546]\n\tGetHandleVerifier [0x007A886D+2652765]\n\tGetHandleVerifier [0x005A002A+520730]\n\tGetHandleVerifier [0x0059EE06+516086]\n\tOrdinal0 [0x004B468B+1787531]\n\tOrdinal0 [0x004B8E88+1805960]\n\tOrdinal0 [0x004B8F75+1806197]\n\tOrdinal0 [0x004C1DF1+1842673]\n\tBaseThreadInitThunk [0x75A76739+25]\n\tRtlGetFullPathName_UEx [0x77D28FEF+1215]\n\tRtlGetFullPathName_UEx [0x77D28FBD+1165]",
    "statusTrace" : "self = <test_case.test_qr_code.Test_QR_login object at 0x000002553A9D5580>\nargs = {'data': [{'url': 'http://www.tl6.cc/2306/23060100016'}, {'barcode': '23060100016'}, {'confirm': 'ulData'}], 'title': '测试网址：http://www.tl6.cc/2306/23060100016'}\nchrome_options = <selenium.webdriver.chrome.webdriver.WebDriver (session=\"3c18867eb1728c8cadcae4d1b684e5af\")>\n\n    @pytest.mark.flaky(reruns=3, reruns_delay=1)\n    # 调用普通登录方法 只看页面显示内容是否正常\n    @pytest.mark.parametrize(\"args\", yamlUtil(route+r\"\\data\\bar_new_code1.yaml\").read_yaml())\n    def test_02_login(self, args, chrome_options):\n        self.driver = chrome_options\n        lp = QrPage(self.driver)\n>       lp.login(args[\"data\"][0]['url'], args[\"data\"][1]['barcode'], args[\"data\"][2]['confirm'])\n\ntest_case\\test_qr_code.py:47: \n_ _ _ _ _ _ _ _ _ _ _ _ _ _ _ _ _ _ _ _ _ _ _ _ _ _ _ _ _ _ _ _ _ _ _ _ _ _ _ _\npage_object\\qr_code_page.py:30: in login\n    FieldContent = self.driver.find_element('id', confirm).text\nD:\\python\\lib\\site-packages\\selenium\\webdriver\\remote\\webdriver.py:1251: in find_element\n    return self.execute(Command.FIND_ELEMENT, {\nD:\\python\\lib\\site-packages\\selenium\\webdriver\\remote\\webdriver.py:430: in execute\n    self.error_handler.check_response(response)\n_ _ _ _ _ _ _ _ _ _ _ _ _ _ _ _ _ _ _ _ _ _ _ _ _ _ _ _ _ _ _ _ _ _ _ _ _ _ _ _\n\nself = <selenium.webdriver.remote.errorhandler.ErrorHandler object at 0x000002553A9F5CD0>\nresponse = {'status': 404, 'value': '{\"value\":{\"error\":\"no such element\",\"message\":\"no such element: Unable to locate element: {\\...unk [0x75A76739+25]\\\\n\\\\tRtlGetFullPathName_UEx [0x77D28FEF+1215]\\\\n\\\\tRtlGetFullPathName_UEx [0x77D28FBD+1165]\\\\n\"}}'}\n\n    def check_response(self, response: Dict[str, Any]) -> None:\n        \"\"\"\n        Checks that a JSON response from the WebDriver does not have an error.\n    \n        :Args:\n         - response - The JSON response from the WebDriver server as a dictionary\n           object.\n    \n        :Raises: If the response contains an error message.\n        \"\"\"\n        status = response.get('status', None)\n        if not status or status == ErrorCode.SUCCESS:\n            return\n        value = None\n        message = response.get(\"message\", \"\")\n        screen: str = response.get(\"screen\", \"\")\n        stacktrace = None\n        if isinstance(status, int):\n            value_json = response.get('value', None)\n            if value_json and isinstance(value_json, str):\n                import json\n                try:\n                    value = json.loads(value_json)\n                    if len(value.keys()) == 1:\n                        value = value['value']\n                    status = value.get('error', None)\n                    if not status:\n                        status = value.get(\"status\", ErrorCode.UNKNOWN_ERROR)\n                        message = value.get(\"value\") or value.get(\"message\")\n                        if not isinstance(message, str):\n                            value = message\n                            message = message.get('message')\n                    else:\n                        message = value.get('message', None)\n                except ValueError:\n                    pass\n    \n        exception_class: Type[WebDriverException]\n        if status in ErrorCode.NO_SUCH_ELEMENT:\n            exception_class = NoSuchElementException\n        elif status in ErrorCode.NO_SUCH_FRAME:\n            exception_class = NoSuchFrameException\n        elif status in ErrorCode.NO_SUCH_SHADOW_ROOT:\n            exception_class = NoSuchShadowRootException\n        elif status in ErrorCode.NO_SUCH_WINDOW:\n            exception_class = NoSuchWindowException\n        elif status in ErrorCode.STALE_ELEMENT_REFERENCE:\n            exception_class = StaleElementReferenceException\n        elif status in ErrorCode.ELEMENT_NOT_VISIBLE:\n            exception_class = ElementNotVisibleException\n        elif status in ErrorCode.INVALID_ELEMENT_STATE:\n            exception_class = InvalidElementStateException\n        elif status in ErrorCode.INVALID_SELECTOR \\\n                or status in ErrorCode.INVALID_XPATH_SELECTOR \\\n                or status in ErrorCode.INVALID_XPATH_SELECTOR_RETURN_TYPER:\n            exception_class = InvalidSelectorException\n        elif status in ErrorCode.ELEMENT_IS_NOT_SELECTABLE:\n            exception_class = ElementNotSelectableException\n        elif status in ErrorCode.ELEMENT_NOT_INTERACTABLE:\n            exception_class = ElementNotInteractableException\n        elif status in ErrorCode.INVALID_COOKIE_DOMAIN:\n            exception_class = InvalidCookieDomainException\n        elif status in ErrorCode.UNABLE_TO_SET_COOKIE:\n            exception_class = UnableToSetCookieException\n        elif status in ErrorCode.TIMEOUT:\n            exception_class = TimeoutException\n        elif status in ErrorCode.SCRIPT_TIMEOUT:\n            exception_class = TimeoutException\n        elif status in ErrorCode.UNKNOWN_ERROR:\n            exception_class = WebDriverException\n        elif status in ErrorCode.UNEXPECTED_ALERT_OPEN:\n            exception_class = UnexpectedAlertPresentException\n        elif status in ErrorCode.NO_ALERT_OPEN:\n            exception_class = NoAlertPresentException\n        elif status in ErrorCode.IME_NOT_AVAILABLE:\n            exception_class = ImeNotAvailableException\n        elif status in ErrorCode.IME_ENGINE_ACTIVATION_FAILED:\n            exception_class = ImeActivationFailedException\n        elif status in ErrorCode.MOVE_TARGET_OUT_OF_BOUNDS:\n            exception_class = MoveTargetOutOfBoundsException\n        elif status in ErrorCode.JAVASCRIPT_ERROR:\n            exception_class = JavascriptException\n        elif status in ErrorCode.SESSION_NOT_CREATED:\n            exception_class = SessionNotCreatedException\n        elif status in ErrorCode.INVALID_ARGUMENT:\n            exception_class = InvalidArgumentException\n        elif status in ErrorCode.NO_SUCH_COOKIE:\n            exception_class = NoSuchCookieException\n        elif status in ErrorCode.UNABLE_TO_CAPTURE_SCREEN:\n            exception_class = ScreenshotException\n        elif status in ErrorCode.ELEMENT_CLICK_INTERCEPTED:\n            exception_class = ElementClickInterceptedException\n        elif status in ErrorCode.INSECURE_CERTIFICATE:\n            exception_class = InsecureCertificateException\n        elif status in ErrorCode.INVALID_COORDINATES:\n            exception_class = InvalidCoordinatesException\n        elif status in ErrorCode.INVALID_SESSION_ID:\n            exception_class = InvalidSessionIdException\n        elif status in ErrorCode.UNKNOWN_METHOD:\n            exception_class = UnknownMethodException\n        else:\n            exception_class = WebDriverException\n        if not value:\n            value = response['value']\n        if isinstance(value, str):\n            raise exception_class(value)\n        if message == \"\" and 'message' in value:\n            message = value['message']\n    \n        screen = None  # type: ignore[assignment]\n        if 'screen' in value:\n            screen = value['screen']\n    \n        stacktrace = None\n        st_value = value.get('stackTrace') or value.get('stacktrace')\n        if st_value:\n            if isinstance(st_value, str):\n                stacktrace = st_value.split('\\n')\n            else:\n                stacktrace = []\n                try:\n                    for frame in st_value:\n                        line = self._value_or_default(frame, 'lineNumber', '')\n                        file = self._value_or_default(frame, 'fileName', '<anonymous>')\n                        if line:\n                            file = \"%s:%s\" % (file, line)\n                        meth = self._value_or_default(frame, 'methodName', '<anonymous>')\n                        if 'className' in frame:\n                            meth = \"%s.%s\" % (frame['className'], meth)\n                        msg = \"    at %s (%s)\"\n                        msg = msg % (meth, file)\n                        stacktrace.append(msg)\n                except TypeError:\n                    pass\n        if exception_class == UnexpectedAlertPresentException:\n            alert_text = None\n            if 'data' in value:\n                alert_text = value['data'].get('text')\n            elif 'alert' in value:\n                alert_text = value['alert'].get('text')\n            raise exception_class(message, screen, stacktrace, alert_text)  # type: ignore[call-arg]  # mypy is not smart enough here\n>       raise exception_class(message, screen, stacktrace)\nE       selenium.common.exceptions.NoSuchElementException: Message: no such element: Unable to locate element: {\"method\":\"css selector\",\"selector\":\"[id=\"ulData\"]\"}\nE         (Session info: headless chrome=103.0.5060.66)\nE       Stacktrace:\nE       Backtrace:\nE       \tOrdinal0 [0x00516463+2188387]\nE       \tOrdinal0 [0x004AE461+1762401]\nE       \tOrdinal0 [0x003C3D78+802168]\nE       \tOrdinal0 [0x003F1880+989312]\nE       \tOrdinal0 [0x003F1B1B+989979]\nE       \tOrdinal0 [0x0041E912+1173778]\nE       \tOrdinal0 [0x0040C824+1099812]\nE       \tOrdinal0 [0x0041CC22+1166370]\nE       \tOrdinal0 [0x0040C5F6+1099254]\nE       \tOrdinal0 [0x003E6BE0+945120]\nE       \tOrdinal0 [0x003E7AD6+948950]\nE       \tGetHandleVerifier [0x007B71F2+2712546]\nE       \tGetHandleVerifier [0x007A886D+2652765]\nE       \tGetHandleVerifier [0x005A002A+520730]\nE       \tGetHandleVerifier [0x0059EE06+516086]\nE       \tOrdinal0 [0x004B468B+1787531]\nE       \tOrdinal0 [0x004B8E88+1805960]\nE       \tOrdinal0 [0x004B8F75+1806197]\nE       \tOrdinal0 [0x004C1DF1+1842673]\nE       \tBaseThreadInitThunk [0x75A76739+25]\nE       \tRtlGetFullPathName_UEx [0x77D28FEF+1215]\nE       \tRtlGetFullPathName_UEx [0x77D28FBD+1165]\n\nD:\\python\\lib\\site-packages\\selenium\\webdriver\\remote\\errorhandler.py:247: NoSuchElementException",
    "steps" : [ {
      "name" : "登录操作",
      "time" : {
        "start" : 1658821969164,
        "stop" : 1658821975457,
        "duration" : 6293
      },
      "status" : "broken",
      "statusMessage" : "selenium.common.exceptions.NoSuchElementException: Message: no such element: Unable to locate element: {\"method\":\"css selector\",\"selector\":\"[id=\"ulData\"]\"}\n  (Session info: headless chrome=103.0.5060.66)\nStacktrace:\nBacktrace:\n\tOrdinal0 [0x00516463+2188387]\n\tOrdinal0 [0x004AE461+1762401]\n\tOrdinal0 [0x003C3D78+802168]\n\tOrdinal0 [0x003F1880+989312]\n\tOrdinal0 [0x003F1B1B+989979]\n\tOrdinal0 [0x0041E912+1173778]\n\tOrdinal0 [0x0040C824+1099812]\n\tOrdinal0 [0x0041CC22+1166370]\n\tOrdinal0 [0x0040C5F6+1099254]\n\tOrdinal0 [0x003E6BE0+945120]\n\tOrdinal0 [0x003E7AD6+948950]\n\tGetHandleVerifier [0x007B71F2+2712546]\n\tGetHandleVerifier [0x007A886D+2652765]\n\tGetHandleVerifier [0x005A002A+520730]\n\tGetHandleVerifier [0x0059EE06+516086]\n\tOrdinal0 [0x004B468B+1787531]\n\tOrdinal0 [0x004B8E88+1805960]\n\tOrdinal0 [0x004B8F75+1806197]\n\tOrdinal0 [0x004C1DF1+1842673]\n\tBaseThreadInitThunk [0x75A76739+25]\n\tRtlGetFullPathName_UEx [0x77D28FEF+1215]\n\tRtlGetFullPathName_UEx [0x77D28FBD+1165]\n\n",
      "statusTrace" : "  File \"D:\\python\\lib\\site-packages\\allure_commons\\_allure.py\", line 172, in impl\n    return func(*a, **kw)\n  File \"E:\\python\\QR_code_pytest_demo\\page_object\\qr_code_page.py\", line 30, in login\n    FieldContent = self.driver.find_element('id', confirm).text\n  File \"D:\\python\\lib\\site-packages\\selenium\\webdriver\\remote\\webdriver.py\", line 1251, in find_element\n    return self.execute(Command.FIND_ELEMENT, {\n  File \"D:\\python\\lib\\site-packages\\selenium\\webdriver\\remote\\webdriver.py\", line 430, in execute\n    self.error_handler.check_response(response)\n  File \"D:\\python\\lib\\site-packages\\selenium\\webdriver\\remote\\errorhandler.py\", line 247, in check_response\n    raise exception_class(message, screen, stacktrace)\n",
      "steps" : [ {
        "name" : "步骤1：打开浏览器",
        "time" : {
          "start" : 1658821969164,
          "stop" : 1658821970404,
          "duration" : 1240
        },
        "status" : "passed",
        "steps" : [ ],
        "attachments" : [ ],
        "parameters" : [ ],
        "hasContent" : false,
        "stepsCount" : 0,
        "attachmentsCount" : 0,
        "shouldDisplayMessage" : false
      }, {
        "name" : "步骤2：获取浏览器字段内容",
        "time" : {
          "start" : 1658821970404,
          "stop" : 1658821975457,
          "duration" : 5053
        },
        "status" : "broken",
        "statusMessage" : "selenium.common.exceptions.NoSuchElementException: Message: no such element: Unable to locate element: {\"method\":\"css selector\",\"selector\":\"[id=\"ulData\"]\"}\n  (Session info: headless chrome=103.0.5060.66)\nStacktrace:\nBacktrace:\n\tOrdinal0 [0x00516463+2188387]\n\tOrdinal0 [0x004AE461+1762401]\n\tOrdinal0 [0x003C3D78+802168]\n\tOrdinal0 [0x003F1880+989312]\n\tOrdinal0 [0x003F1B1B+989979]\n\tOrdinal0 [0x0041E912+1173778]\n\tOrdinal0 [0x0040C824+1099812]\n\tOrdinal0 [0x0041CC22+1166370]\n\tOrdinal0 [0x0040C5F6+1099254]\n\tOrdinal0 [0x003E6BE0+945120]\n\tOrdinal0 [0x003E7AD6+948950]\n\tGetHandleVerifier [0x007B71F2+2712546]\n\tGetHandleVerifier [0x007A886D+2652765]\n\tGetHandleVerifier [0x005A002A+520730]\n\tGetHandleVerifier [0x0059EE06+516086]\n\tOrdinal0 [0x004B468B+1787531]\n\tOrdinal0 [0x004B8E88+1805960]\n\tOrdinal0 [0x004B8F75+1806197]\n\tOrdinal0 [0x004C1DF1+1842673]\n\tBaseThreadInitThunk [0x75A76739+25]\n\tRtlGetFullPathName_UEx [0x77D28FEF+1215]\n\tRtlGetFullPathName_UEx [0x77D28FBD+1165]\n\n",
        "statusTrace" : "  File \"E:\\python\\QR_code_pytest_demo\\page_object\\qr_code_page.py\", line 30, in login\n    FieldContent = self.driver.find_element('id', confirm).text\n  File \"D:\\python\\lib\\site-packages\\selenium\\webdriver\\remote\\webdriver.py\", line 1251, in find_element\n    return self.execute(Command.FIND_ELEMENT, {\n  File \"D:\\python\\lib\\site-packages\\selenium\\webdriver\\remote\\webdriver.py\", line 430, in execute\n    self.error_handler.check_response(response)\n  File \"D:\\python\\lib\\site-packages\\selenium\\webdriver\\remote\\errorhandler.py\", line 247, in check_response\n    raise exception_class(message, screen, stacktrace)\n",
        "steps" : [ ],
        "attachments" : [ ],
        "parameters" : [ ],
        "hasContent" : true,
        "stepsCount" : 0,
        "attachmentsCount" : 0,
        "shouldDisplayMessage" : true
      } ],
      "attachments" : [ ],
      "parameters" : [ {
        "name" : "url",
        "value" : "'http://www.tl6.cc/2306/23060100016'"
      }, {
        "name" : "barcode",
        "value" : "'23060100016'"
      }, {
        "name" : "confirm",
        "value" : "'ulData'"
      } ],
      "hasContent" : true,
      "stepsCount" : 2,
      "attachmentsCount" : 0,
      "shouldDisplayMessage" : false
    }, {
      "name" : "添加失败截图。。",
      "time" : {
        "start" : 1658821975484,
        "stop" : 1658821975519,
        "duration" : 35
      },
      "status" : "passed",
      "steps" : [ ],
      "attachments" : [ {
        "uid" : "241e3193eca09caa",
        "name" : "失败截图",
        "source" : "241e3193eca09caa.png",
        "type" : "image/png",
        "size" : 28740
      } ],
      "parameters" : [ ],
      "hasContent" : true,
      "stepsCount" : 0,
      "attachmentsCount" : 1,
      "shouldDisplayMessage" : false
    } ],
    "attachments" : [ ],
    "parameters" : [ ],
    "hasContent" : true,
    "stepsCount" : 4,
    "attachmentsCount" : 1,
    "shouldDisplayMessage" : true
  },
  "afterStages" : [ {
    "name" : "chrome_options::0",
    "time" : {
      "start" : 1658821988310,
      "stop" : 1658821990371,
      "duration" : 2061
    },
    "status" : "passed",
    "steps" : [ ],
    "attachments" : [ ],
    "parameters" : [ ],
    "hasContent" : false,
    "stepsCount" : 0,
    "attachmentsCount" : 0,
    "shouldDisplayMessage" : false
  } ],
  "labels" : [ {
    "name" : "tag",
    "value" : "flaky(reruns=3, reruns_delay=1)"
  }, {
    "name" : "parentSuite",
    "value" : "test_case"
  }, {
    "name" : "suite",
    "value" : "test_qr_code"
  }, {
    "name" : "subSuite",
    "value" : "Test_QR_login"
  }, {
    "name" : "host",
    "value" : "LAPTOP-3RK6891H"
  }, {
    "name" : "thread",
    "value" : "4404-MainThread"
  }, {
    "name" : "framework",
    "value" : "pytest"
  }, {
    "name" : "language",
    "value" : "cpython3"
  }, {
    "name" : "package",
    "value" : "test_case.test_qr_code"
  }, {
    "name" : "resultFormat",
    "value" : "allure2"
  } ],
  "parameters" : [ {
    "name" : "args",
    "value" : "{'title': '测试网址：http://www.tl6.cc/2306/23060100016', 'data': [{'url': 'http://www.tl6.cc/2306/23060100016'}, {'barcode': '23060100016'}, {'confirm': 'ulData'}]}"
  } ],
  "links" : [ ],
  "hidden" : false,
  "retry" : false,
  "extra" : {
    "severity" : "normal",
    "retries" : [ {
      "uid" : "8086cd72e92c102",
      "status" : "broken",
      "statusDetails" : "selenium.common.exceptions.NoSuchElementException: Message: no such element: Unable to locate element: {\"method\":\"css selector\",\"selector\":\"[id=\"ulData\"]\"}\n  (Session info: headless chrome=103.0.5060.66)\nStacktrace:\nBacktrace:\n\tOrdinal0 [0x00516463+2188387]\n\tOrdinal0 [0x004AE461+1762401]\n\tOrdinal0 [0x003C3D78+802168]\n\tOrdinal0 [0x003F1880+989312]\n\tOrdinal0 [0x003F1B1B+989979]\n\tOrdinal0 [0x0041E912+1173778]\n\tOrdinal0 [0x0040C824+1099812]\n\tOrdinal0 [0x0041CC22+1166370]\n\tOrdinal0 [0x0040C5F6+1099254]\n\tOrdinal0 [0x003E6BE0+945120]\n\tOrdinal0 [0x003E7AD6+948950]\n\tGetHandleVerifier [0x007B71F2+2712546]\n\tGetHandleVerifier [0x007A886D+2652765]\n\tGetHandleVerifier [0x005A002A+520730]\n\tGetHandleVerifier [0x0059EE06+516086]\n\tOrdinal0 [0x004B468B+1787531]\n\tOrdinal0 [0x004B8E88+1805960]\n\tOrdinal0 [0x004B8F75+1806197]\n\tOrdinal0 [0x004C1DF1+1842673]\n\tBaseThreadInitThunk [0x75A76739+25]\n\tRtlGetFullPathName_UEx [0x77D28FEF+1215]\n\tRtlGetFullPathName_UEx [0x77D28FBD+1165]",
      "time" : {
        "start" : 1658821961764,
        "stop" : 1658821968088,
        "duration" : 6324
      }
    }, {
      "uid" : "d6182aeb14dd4a77",
      "status" : "broken",
      "statusDetails" : "selenium.common.exceptions.NoSuchElementException: Message: no such element: Unable to locate element: {\"method\":\"css selector\",\"selector\":\"[id=\"ulData\"]\"}\n  (Session info: headless chrome=103.0.5060.66)\nStacktrace:\nBacktrace:\n\tOrdinal0 [0x00516463+2188387]\n\tOrdinal0 [0x004AE461+1762401]\n\tOrdinal0 [0x003C3D78+802168]\n\tOrdinal0 [0x003F1880+989312]\n\tOrdinal0 [0x003F1B1B+989979]\n\tOrdinal0 [0x0041E912+1173778]\n\tOrdinal0 [0x0040C824+1099812]\n\tOrdinal0 [0x0041CC22+1166370]\n\tOrdinal0 [0x0040C5F6+1099254]\n\tOrdinal0 [0x003E6BE0+945120]\n\tOrdinal0 [0x003E7AD6+948950]\n\tGetHandleVerifier [0x007B71F2+2712546]\n\tGetHandleVerifier [0x007A886D+2652765]\n\tGetHandleVerifier [0x005A002A+520730]\n\tGetHandleVerifier [0x0059EE06+516086]\n\tOrdinal0 [0x004B468B+1787531]\n\tOrdinal0 [0x004B8E88+1805960]\n\tOrdinal0 [0x004B8F75+1806197]\n\tOrdinal0 [0x004C1DF1+1842673]\n\tBaseThreadInitThunk [0x75A76739+25]\n\tRtlGetFullPathName_UEx [0x77D28FEF+1215]\n\tRtlGetFullPathName_UEx [0x77D28FBD+1165]",
      "time" : {
        "start" : 1658821954376,
        "stop" : 1658821960692,
        "duration" : 6316
      }
    }, {
      "uid" : "f38bb89e17b22cce",
      "status" : "broken",
      "statusDetails" : "selenium.common.exceptions.NoSuchElementException: Message: no such element: Unable to locate element: {\"method\":\"css selector\",\"selector\":\"[id=\"ulData\"]\"}\n  (Session info: headless chrome=103.0.5060.66)\nStacktrace:\nBacktrace:\n\tOrdinal0 [0x00516463+2188387]\n\tOrdinal0 [0x004AE461+1762401]\n\tOrdinal0 [0x003C3D78+802168]\n\tOrdinal0 [0x003F1880+989312]\n\tOrdinal0 [0x003F1B1B+989979]\n\tOrdinal0 [0x0041E912+1173778]\n\tOrdinal0 [0x0040C824+1099812]\n\tOrdinal0 [0x0041CC22+1166370]\n\tOrdinal0 [0x0040C5F6+1099254]\n\tOrdinal0 [0x003E6BE0+945120]\n\tOrdinal0 [0x003E7AD6+948950]\n\tGetHandleVerifier [0x007B71F2+2712546]\n\tGetHandleVerifier [0x007A886D+2652765]\n\tGetHandleVerifier [0x005A002A+520730]\n\tGetHandleVerifier [0x0059EE06+516086]\n\tOrdinal0 [0x004B468B+1787531]\n\tOrdinal0 [0x004B8E88+1805960]\n\tOrdinal0 [0x004B8F75+1806197]\n\tOrdinal0 [0x004C1DF1+1842673]\n\tBaseThreadInitThunk [0x75A76739+25]\n\tRtlGetFullPathName_UEx [0x77D28FEF+1215]\n\tRtlGetFullPathName_UEx [0x77D28FBD+1165]",
      "time" : {
        "start" : 1658821946190,
        "stop" : 1658821953196,
        "duration" : 7006
      }
    } ],
    "categories" : [ {
      "name" : "Test defects",
      "matchedStatuses" : [ ],
      "flaky" : false
    } ],
    "tags" : [ "flaky(reruns=3, reruns_delay=1)" ]
  },
  "source" : "e11af4f11c8519a7.json",
  "parameterValues" : [ "{'title': '测试网址：http://www.tl6.cc/2306/23060100016', 'data': [{'url': 'http://www.tl6.cc/2306/23060100016'}, {'barcode': '23060100016'}, {'confirm': 'ulData'}]}" ]
}